<?xml version="1.0" encoding="UTF-8"?>
<!-- Generated by org.testng.reporters.JUnitReportReporter -->
<testsuite hostname="IM-LP-2377" failures="0" tests="1" name="org.aia.testcases.membership.TestDIPOfflineRenew_Membership" time="393.052" errors="0" timestamp="2023-12-06T11:14:13 IST" skipped="0">
  <testcase classname="org.aia.testcases.membership.TestDIPOfflineRenew_Membership" name="offlineRenewProcessDIP" time="393.052"/>
  <system-out/>
</testsuite> <!-- org.aia.testcases.membership.TestDIPOfflineRenew_Membership -->
