<?xml version="1.0" encoding="UTF-8"?>
<!-- Generated by org.testng.reporters.JUnitReportReporter -->
<testsuite hostname="IM-LP-2377" failures="0" tests="4" name="org.aia.testcases.ces.TestProviderStatementTab_CES" time="107.733" errors="0" timestamp="2023-11-23T11:35:14 IST" skipped="3">
  <testcase classname="org.aia.testcases.ces.TestProviderStatementTab_CES" name="verifyProviderStatementTabwithNamewithoutDate" time="107.733"/>
  <system-out/>
  <testcase classname="org.aia.testcases.ces.TestProviderStatementTab_CES" name="verifyProviderStatementTabwithoutEnteringNameandDate">
    <skipped/>
  </testcase> <!-- verifyProviderStatementTabwithoutEnteringNameandDate -->
  <system-out/>
  <testcase classname="org.aia.testcases.ces.TestProviderStatementTab_CES" name="verifyInvalidDateFormatProviderStatementTab">
    <skipped/>
  </testcase> <!-- verifyInvalidDateFormatProviderStatementTab -->
  <system-out/>
  <testcase classname="org.aia.testcases.ces.TestProviderStatementTab_CES" name="verifyProviderStatementTabFields">
    <skipped/>
  </testcase> <!-- verifyProviderStatementTabFields -->
  <system-out/>
</testsuite> <!-- org.aia.testcases.ces.TestProviderStatementTab_CES -->
