<?xml version="1.0" encoding="UTF-8"?>
<!-- Generated by org.testng.reporters.JUnitReportReporter -->
<testsuite hostname="IM-LP-2377" failures="0" tests="1" name="org.aia.testcases.membership.TestDIPOfflineJoin_Membership" time="213.348" errors="0" timestamp="2023-12-06T11:52:38 IST" skipped="0">
  <testcase classname="org.aia.testcases.membership.TestDIPOfflineJoin_Membership" name="verifyDIPOfflineJoin" time="213.348"/>
  <system-out/>
</testsuite> <!-- org.aia.testcases.membership.TestDIPOfflineJoin_Membership -->
