<?xml version="1.0" encoding="UTF-8"?>
<!-- Generated by org.testng.reporters.JUnitReportReporter -->
<testsuite hostname="IM-LP-2377" failures="0" tests="1" name="org.aia.testcases.membership.TestTransferApplicationProcess_Membership" time="224.066" errors="0" timestamp="2023-12-05T11:28:44 IST" skipped="0">
  <testcase classname="org.aia.testcases.membership.TestTransferApplicationProcess_Membership" name="membershipTransferApplicationProcess" time="224.066"/>
  <system-out/>
</testsuite> <!-- org.aia.testcases.membership.TestTransferApplicationProcess_Membership -->
