<?xml version="1.0" encoding="UTF-8"?>
<!-- Generated by org.testng.reporters.JUnitReportReporter -->
<testsuite hostname="IM-LP-2377" failures="0" tests="4" name="org.aia.testcases.ces.TestJoinPassport_CES" time="294.109" errors="0" timestamp="2023-09-28T19:00:18 IST" skipped="3">
  <testcase classname="org.aia.testcases.ces.TestJoinPassport_CES" name="ValidatePassportJoinWithAdditionalUser" time="294.109"/>
  <system-out>
LOG : INFO -Config File loaded LOG : INFO -Config File loaded LOG : INFO -Config File loaded  </system-out>
  <testcase classname="org.aia.testcases.ces.TestJoinPassport_CES" name="ValidateReceiptForPassportJoin">
    <skipped/>
  </testcase> <!-- ValidateReceiptForPassportJoin -->
  <system-out/>
  <testcase classname="org.aia.testcases.ces.TestJoinPassport_CES" name="ValidateEmailPassportJoin">
    <skipped/>
  </testcase> <!-- ValidateEmailPassportJoin -->
  <system-out/>
  <testcase classname="org.aia.testcases.ces.TestJoinPassport_CES" name="ValidatePassportJoin">
    <skipped/>
  </testcase> <!-- ValidatePassportJoin -->
  <system-out/>
</testsuite> <!-- org.aia.testcases.ces.TestJoinPassport_CES -->
