<?xml version="1.0" encoding="UTF-8"?>
<!-- Generated by org.testng.reporters.JUnitReportReporter -->
<testsuite hostname="IM-LP-2377" failures="0" tests="3" name="org.aia.testcases.ces.TestGracePeriod_CES" time="362.100" errors="0" timestamp="2023-11-24T11:33:56 IST" skipped="2">
  <testcase classname="org.aia.testcases.ces.TestGracePeriod_CES" name="verifyCESProviderStatus" time="362.100"/>
  <system-out>
LOG : INFO -Config File loaded  </system-out>
  <testcase classname="org.aia.testcases.ces.TestGracePeriod_CES" name="verifyGracePeriodEndDate">
    <skipped/>
  </testcase> <!-- verifyGracePeriodEndDate -->
  <system-out/>
  <testcase classname="org.aia.testcases.ces.TestGracePeriod_CES" name="verifyTermEnddateFormat">
    <skipped/>
  </testcase> <!-- verifyTermEnddateFormat -->
  <system-out/>
</testsuite> <!-- org.aia.testcases.ces.TestGracePeriod_CES -->
