<?xml version="1.0" encoding="UTF-8"?>
<!-- Generated by org.testng.reporters.JUnitReportReporter -->
<testsuite hostname="IM-LP-2377" failures="0" tests="6" name="org.aia.testcases.ces.TestRenewEligibleFields_CES" time="357.093" errors="0" timestamp="2023-11-13T19:37:12 IST" skipped="5">
  <testcase classname="org.aia.testcases.ces.TestRenewEligibleFields_CES" name="validateRenewEligibleFieldAfterPostTermRenwal" time="357.093"/>
  <system-out>
LOG : INFO -Config File loaded LOG : INFO -Config File loaded  </system-out>
  <testcase classname="org.aia.testcases.ces.TestRenewEligibleFields_CES" name="validateRenewEligibleFieldWithinPreTermRenwal">
    <skipped/>
  </testcase> <!-- validateRenewEligibleFieldWithinPreTermRenwal -->
  <system-out/>
  <testcase classname="org.aia.testcases.ces.TestRenewEligibleFields_CES" name="validateRenewEligibleFieldBeforePreTermRenwal">
    <skipped/>
  </testcase> <!-- validateRenewEligibleFieldBeforePreTermRenwal -->
  <system-out/>
  <testcase classname="org.aia.testcases.ces.TestRenewEligibleFields_CES" name="validateRenewEligibleFieldLastdayPostTermRenwal">
    <skipped/>
  </testcase> <!-- validateRenewEligibleFieldLastdayPostTermRenwal -->
  <system-out/>
  <testcase classname="org.aia.testcases.ces.TestRenewEligibleFields_CES" name="validateRenewEligibleFieldFirstdayPreTermRenwal">
    <skipped/>
  </testcase> <!-- validateRenewEligibleFieldFirstdayPreTermRenwal -->
  <system-out/>
  <testcase classname="org.aia.testcases.ces.TestRenewEligibleFields_CES" name="validateRenewEligibleFieldWithinPostTermRenwal">
    <skipped/>
  </testcase> <!-- validateRenewEligibleFieldWithinPostTermRenwal -->
  <system-out/>
</testsuite> <!-- org.aia.testcases.ces.TestRenewEligibleFields_CES -->
