<?xml version="1.0" encoding="UTF-8"?>
<!-- Generated by org.testng.reporters.JUnitReportReporter -->
<testsuite hostname="IM-LP-2377" failures="0" tests="1" name="org.aia.testcases.ces.TestArchitectureFirmWithoutSPOC_CSE" time="459.098" errors="0" timestamp="2023-10-27T19:10:43 IST" skipped="0">
  <testcase classname="org.aia.testcases.ces.TestArchitectureFirmWithoutSPOC_CSE" name="validateCESArchitectureFirm" time="459.098"/>
  <system-out>
LOG : INFO -Config File loaded  </system-out>
</testsuite> <!-- org.aia.testcases.ces.TestArchitectureFirmWithoutSPOC_CSE -->
