<?xml version="1.0" encoding="UTF-8"?>
<!-- Generated by org.testng.reporters.JUnitReportReporter -->
<testsuite hostname="IM-LP-2377" failures="0" tests="1" name="org.aia.testcases.membership.TestDIPRejoin_Membership" time="800.586" errors="0" timestamp="2023-09-28T14:42:46 IST" skipped="0">
  <testcase classname="org.aia.testcases.membership.TestDIPRejoin_Membership" name="validateDIPRejoin" time="800.586"/>
  <system-out>
LOG : INFO - Membership Type : Architect member LOG : INFO -Config File loaded LOG : INFO -Config File loaded LOG : INFO - Membership Type : Architect member LOG : INFO -Config File loaded LOG : INFO -Config File loaded LOG : INFO -Config File loaded LOG : INFO -Config File loaded LOG : INFO -Config File loaded  </system-out>
</testsuite> <!-- org.aia.testcases.membership.TestDIPRejoin_Membership -->
