<?xml version="1.0" encoding="UTF-8"?>
<!-- Generated by org.testng.reporters.JUnitReportReporter -->
<testsuite hostname="IM-LP-2377" failures="0" tests="1" name="org.aia.testcases.membership.TestDIPOfflineJoin_Membership" time="211.362" errors="0" timestamp="2023-12-05T13:34:17 IST" skipped="0">
  <testcase classname="org.aia.testcases.membership.TestDIPOfflineJoin_Membership" name="verifyDIPOfflineJoin" time="211.362"/>
  <system-out/>
</testsuite> <!-- org.aia.testcases.membership.TestDIPOfflineJoin_Membership -->
