<?xml version="1.0" encoding="UTF-8"?>
<!-- Generated by org.testng.reporters.JUnitReportReporter -->
<testsuite hostname="IM-LP-2377" failures="0" tests="1" name="org.aia.testcases.membership.TestDeceasedMarkingProcess_Membership" time="239.917" errors="0" timestamp="2023-12-05T12:55:27 IST" skipped="0">
  <testcase classname="org.aia.testcases.membership.TestDeceasedMarkingProcess_Membership" name="verifyDeceasedMarkingProcess" time="239.917"/>
  <system-out/>
</testsuite> <!-- org.aia.testcases.membership.TestDeceasedMarkingProcess_Membership -->
