<?xml version="1.0" encoding="UTF-8"?>
<!-- Generated by org.testng.reporters.JUnitReportReporter -->
<testsuite hostname="IM-LP-2377" failures="0" tests="1" name="org.aia.testcases.abi.TestSubscribingWithUStaxableAddress_ABI" time="232.571" errors="0" timestamp="2023-11-15T18:04:54 IST" skipped="0">
  <testcase classname="org.aia.testcases.abi.TestSubscribingWithUStaxableAddress_ABI" name="validateABIwithUSTaxableAddress" time="232.571"/>
  <system-out/>
</testsuite> <!-- org.aia.testcases.abi.TestSubscribingWithUStaxableAddress_ABI -->
